[2025-03-27T15:14:04.394716Z] [info] +++ setup notes +++
[2025-03-27T15:14:04.395160Z] [info] Running on 897ffa763c2c:1 (Linux 6.12.20-1-lts #1 SMP PREEMPT_DYNAMIC Sun, 23 Mar 2025 08:02:10 +0000 x86_64)
[2025-03-27T15:14:04.405337Z] [debug] +++ worker notes +++
[2025-03-27T15:14:04.875896Z] [debug] [pid:629] [37mCurrent version is 5.1742240999.4ad1bd8 [interface v43][0m
[2025-03-27T15:14:04.907250Z] [debug] [pid:629] [37mgit hash in '/home/userr/Acads/end-to-end-testing/os-autoinst-distri-example-kde-linux': d1ee8703a72ccfeb93a1bed34e3a021d5e38dac6[0m
fatal: detected dubious ownership in repository at '/home/userr/Acads/end-to-end-testing/os-autoinst-distri-example-kde-linux'
To add an exception for this directory, call:

	git config --global --add safe.directory /home/userr/Acads/end-to-end-testing/os-autoinst-distri-example-kde-linux
[2025-03-27T15:14:04.916124Z] [debug] [pid:629] [37mgit url in '/home/userr/Acads/end-to-end-testing/os-autoinst-distri-example-kde-linux': "UNKNOWN (origin remote not found)"[0m
[2025-03-27T15:14:04.925329Z] [debug] [pid:629] [37mscheduling boot tests/boot.pm[0m
[2025-03-27T15:14:04.934976Z] [info] [pid:638] cmdsrv: daemon reachable under http://*:20013/lF7ZprR0UrKNdGhP/
[2025-03-27T15:14:04.937332Z] [info] [pid:638] Listening at "http://[::]:20013"
Web application available at http://[::]:20013
[2025-03-27T15:14:04.964522Z] [debug] [pid:629] [37mgit hash in '/home/userr/Acads/end-to-end-testing/os-autoinst-distri-example-kde-linux/needles': d1ee8703a72ccfeb93a1bed34e3a021d5e38dac6[0m
[2025-03-27T15:14:04.964714Z] [debug] [pid:629] [37mgit url in '/home/userr/Acads/end-to-end-testing/os-autoinst-distri-example-kde-linux/needles': "UNKNOWN (no .git found)"[0m
[2025-03-27T15:14:04.964835Z] [debug] [pid:629] [37minit needles from /home/userr/Acads/end-to-end-testing/os-autoinst-distri-example-kde-linux/needles[0m
[2025-03-27T15:14:04.965964Z] [debug] [pid:629] [37mloaded 2 needles[0m
[2025-03-27T15:14:05.106343Z] [debug] [pid:629] [37m629: channel_out 15, channel_in 14[0m
[2025-03-27T15:14:05.136431Z] [debug] [pid:652] [37m652: cmdpipe 13, rsppipe 16[0m
[2025-03-27T15:14:05.136591Z] [debug] [pid:652] [37mstarted mgmt loop with pid 652[0m
Can't exec "ffmpeg": No such file or directory at /usr/lib/os-autoinst/backend/baseclass.pm line 348.
[2025-03-27T15:14:05.204475Z] [debug] [pid:652] [37mqemu version detected: 9.2.2[0m
[2025-03-27T15:14:05.206545Z] [debug] [pid:652] [37mrunning `/usr/bin/chattr +C /var/lib/openqa/pool/1/raid`[0m
[2025-03-27T15:14:05.217227Z] [debug] [pid:652] [37mFatal error in command `/usr/bin/chattr +C /var/lib/openqa/pool/1/raid`: open3: exec of /usr/bin/chattr +C /var/lib/openqa/pool/1/raid failed: No such file or directory at /usr/lib/perl5/vendor_perl/5.40.0/Mojo/IOLoop/ReadWriteProcess.pm line 127.
  [0m
[2025-03-27T15:14:05.217370Z] [debug] [pid:652] [37mConfiguring storage controllers and block devices[0m
[2025-03-27T15:14:05.217982Z] [debug] [pid:652] [37mrunning `/usr/bin/qemu-img info --output=json /var/lib/openqa/pool/1/gnome.iso`[0m
[2025-03-27T15:14:05.252877Z] [debug] [pid:652] [37mrunning `/usr/bin/qemu-img info --output=json /usr/share/qemu/ovmf-x86_64-ms-code.bin`[0m
[2025-03-27T15:14:05.294797Z] [debug] [pid:652] [37mrunning `/usr/bin/qemu-img info --output=json /usr/share/qemu/ovmf-x86_64-ms-vars.bin`[0m
[2025-03-27T15:14:05.333731Z] [debug] [pid:652] [37mInitializing block device images[0m
[2025-03-27T15:14:05.334433Z] [debug] [pid:652] [37mrunning `/usr/bin/qemu-img create -f qcow2 /var/lib/openqa/pool/1/raid/hd0 10G`[0m
[2025-03-27T15:14:05.373981Z] [debug] [pid:652] [37mFormatting '/var/lib/openqa/pool/1/raid/hd0', fmt=qcow2 cluster_size=65536 extended_l2=off compression_type=zlib size=10737418240 lazy_refcounts=off refcount_bits=16[0m
[2025-03-27T15:14:05.374247Z] [debug] [pid:652] [37mrunning `/usr/bin/qemu-img create -f qcow2 -F raw -b /var/lib/openqa/pool/1/gnome.iso /var/lib/openqa/pool/1/raid/usbstick-overlay0 7G`[0m
[2025-03-27T15:14:05.411529Z] [debug] [pid:652] [37mFormatting '/var/lib/openqa/pool/1/raid/usbstick-overlay0', fmt=qcow2 cluster_size=65536 extended_l2=off compression_type=zlib size=7516192768 backing_file=/var/lib/openqa/pool/1/gnome.iso backing_fmt=raw lazy_refcounts=off refcount_bits=16[0m
[2025-03-27T15:14:05.411823Z] [debug] [pid:652] [37mrunning `/usr/bin/qemu-img create -f qcow2 -F raw -b /usr/share/qemu/ovmf-x86_64-ms-code.bin /var/lib/openqa/pool/1/raid/pflash-code-overlay0 1966080`[0m
[2025-03-27T15:14:05.449851Z] [debug] [pid:652] [37mFormatting '/var/lib/openqa/pool/1/raid/pflash-code-overlay0', fmt=qcow2 cluster_size=65536 extended_l2=off compression_type=zlib size=1966080 backing_file=/usr/share/qemu/ovmf-x86_64-ms-code.bin backing_fmt=raw lazy_refcounts=off refcount_bits=16[0m
[2025-03-27T15:14:05.450041Z] [debug] [pid:652] [37mrunning `/usr/bin/qemu-img create -f qcow2 -F raw -b /usr/share/qemu/ovmf-x86_64-ms-vars.bin /var/lib/openqa/pool/1/raid/pflash-vars-overlay0 131072`[0m
[2025-03-27T15:14:05.489342Z] [debug] [pid:652] [37mFormatting '/var/lib/openqa/pool/1/raid/pflash-vars-overlay0', fmt=qcow2 cluster_size=65536 extended_l2=off compression_type=zlib size=131072 backing_file=/usr/share/qemu/ovmf-x86_64-ms-vars.bin backing_fmt=raw lazy_refcounts=off refcount_bits=16[0m
[2025-03-27T15:14:05.489546Z] [debug] [pid:652] [37minit_blockdev_images: Finished creating block devices[0m
[2025-03-27T15:14:05.491214Z] [debug] [pid:652] [37mstarting: /usr/bin/qemu-system-x86_64 -device virtio-vga,edid=on,xres=1024,yres=768 -only-migratable -chardev ringbuf,id=serial0,logfile=serial0,logappend=on -serial chardev:serial0 -audiodev none,id=snd0 -device intel-hda -device hda-output,audiodev=snd0 -global isa-fdc.fdtypeA=none -m 2560 -cpu host -netdev user,id=qanet0 -device virtio-net,netdev=qanet0,mac=52:54:00:12:34:56 -object rng-random,filename=/dev/urandom,id=rng0 -device virtio-rng-pci,rng=rng0 -device qemu-xhci -device usb-tablet -smp 2 -enable-kvm -no-shutdown -vnc :91,share=force-shared -device virtio-serial -chardev pipe,id=virtio_console,path=virtio_console,logfile=virtio_console.log,logappend=on -device virtconsole,chardev=virtio_console,name=org.openqa.console.virtio_console -chardev pipe,id=virtio_console_user,path=virtio_console_user,logfile=virtio_console_user.log,logappend=on -device virtconsole,chardev=virtio_console_user,name=org.openqa.console.virtio_console_user -chardev socket,path=qmp_socket,server=on,wait=off,id=qmp_socket,logfile=qmp_socket.log,logappend=on -qmp chardev:qmp_socket -S -device virtio-scsi-pci,id=scsi0 -device qemu-xhci,id=xhci0 -blockdev driver=file,node-name=hd0-file,filename=/var/lib/openqa/pool/1/raid/hd0,cache.no-flush=on -blockdev driver=qcow2,node-name=hd0,file=hd0-file,cache.no-flush=on,discard=unmap -device virtio-blk,id=hd0-device,drive=hd0,serial=hd0 -blockdev driver=file,node-name=usbstick-overlay0-file,filename=/var/lib/openqa/pool/1/raid/usbstick-overlay0,cache.no-flush=on -blockdev driver=qcow2,node-name=usbstick-overlay0,file=usbstick-overlay0-file,cache.no-flush=on,discard=unmap -device usb-storage,id=usbstick-device,drive=usbstick-overlay0,bootindex=0 -drive id=pflash-code-overlay0,if=pflash,file=/var/lib/openqa/pool/1/raid/pflash-code-overlay0,unit=0,readonly=on -drive id=pflash-vars-overlay0,if=pflash,file=/var/lib/openqa/pool/1/raid/pflash-vars-overlay0,unit=1[0m
[2025-03-27T15:14:05.497566Z] [debug] [pid:652] [37mWaiting for 0 attempts[0m
[2025-03-27T15:14:06.498288Z] [debug] [pid:652] [37mWaiting for 1 attempts[0m
[2025-03-27T15:14:07.498702Z] [debug] [pid:652] [37mFinished after 2 attempts[0m
[2025-03-27T15:14:07.513965Z] [debug] [pid:652] [37mEstablishing VNC connection to localhost:5991[0m
[2025-03-27T15:14:07.568217Z] [debug] [pid:652] [37mpointer type 0 0 640 480 -257[0m
[2025-03-27T15:14:07.568370Z] [debug] [pid:652] [37mled state 0 1 1 -261[0m
[2025-03-27T15:14:07.575333Z] [debug] [pid:652] [37mStart CPU[0m
[2025-03-27T15:14:07.575720Z] [debug] [pid:652] [37mEVENT {"data":{"client":{"family":"ipv4","host":"127.0.0.1","service":"56718","websocket":false},"server":{"auth":"none","family":"ipv4","host":"0.0.0.0","service":"5991","websocket":false}},"event":"VNC_CONNECTED","timestamp":{"microseconds":514625,"seconds":1743088447}}[0m
[2025-03-27T15:14:07.575856Z] [debug] [pid:652] [37mEVENT {"data":{"client":{"family":"ipv4","host":"127.0.0.1","service":"56718","websocket":false},"server":{"auth":"none","family":"ipv4","host":"0.0.0.0","service":"5991","websocket":false}},"event":"VNC_INITIALIZED","timestamp":{"microseconds":517099,"seconds":1743088447}}[0m
[2025-03-27T15:14:07.575989Z] [debug] [pid:652] [37mEVENT {"event":"RESUME","timestamp":{"microseconds":575758,"seconds":1743088447}}[0m
[2025-03-27T15:14:07.577092Z] [debug] [pid:645] [37mGOT GO[0m
[2025-03-27T15:14:07.580370Z] [debug] [pid:652] [37mQEMU: QEMU emulator version 9.2.2 (openSUSE Tumbleweed)[0m
[2025-03-27T15:14:07.580474Z] [debug] [pid:652] [37mQEMU: Copyright (c) 2003-2024 Fabrice Bellard and the QEMU Project developers[0m
[2025-03-27T15:14:07.583953Z] [debug] [pid:645] [37mSnapshots are supported[0m
[2025-03-27T15:14:07.585695Z] [debug] [pid:645] [1;34m||| starting boot tests/boot.pm[0m
[2025-03-27T15:14:07.588570Z] [debug] [pid:645] tests/boot.pm:9 called testapi::assert_screen
[2025-03-27T15:14:07.589112Z] [debug] [pid:645] <<< testapi::assert_screen(mustmatch="kde_bootloader", timeout=10)
[ WARN:0@3.446] global grfmt_png.cpp:695 read_chunk chunk data is too large
[2025-03-27T15:14:08.779683Z] [debug] [pid:652] [37mload of /home/userr/Acads/end-to-end-testing/os-autoinst-distri-example-kde-linux/needles/kde_bootloader.png took 0.20 seconds[0m
[2025-03-27T15:14:08.786324Z] [debug] [pid:652] [37mno match: 9.0s, best candidate: kde_bootloader (0.00)[0m
[2025-03-27T15:14:09.583457Z] [debug] [pid:652] [37mno match: 8.0s, best candidate: kde_bootloader (0.00)[0m
[2025-03-27T15:14:10.583320Z] [debug] [pid:652] [37mno match: 7.0s, best candidate: kde_bootloader (0.00)[0m
[2025-03-27T15:14:11.584438Z] [debug] [pid:652] [37mno match: 6.0s, best candidate: kde_bootloader (0.00)[0m
[2025-03-27T15:14:12.620568Z] [debug] [pid:652] [37mno match: 5.0s, best candidate: kde_bootloader (0.00)[0m
[2025-03-27T15:14:13.583601Z] [debug] [pid:652] [37mno change: 4.0s[0m
[2025-03-27T15:14:13.590778Z] [debug] [pid:652] [37mno match: 4.0s, best candidate: kde_bootloader (0.00)[0m
[2025-03-27T15:14:14.584720Z] [debug] [pid:652] [37mno change: 3.0s[0m
[2025-03-27T15:14:14.589861Z] [debug] [pid:652] [37mno match: 3.0s, best candidate: kde_bootloader (0.00)[0m
[2025-03-27T15:14:15.585999Z] [debug] [pid:652] [37mno change: 2.0s[0m
[2025-03-27T15:14:15.591998Z] [debug] [pid:652] [37mno match: 2.0s, best candidate: kde_bootloader (0.00)[0m
[2025-03-27T15:14:16.587111Z] [debug] [pid:652] [37mno change: 1.0s[0m
[2025-03-27T15:14:16.592161Z] [debug] [pid:652] [37mno match: 1.0s, best candidate: kde_bootloader (0.00)[0m
[2025-03-27T15:14:17.646211Z] [debug] [pid:652] [37mno match: -0.0s, best candidate: kde_bootloader (0.00)[0m
[2025-03-27T15:14:18.644068Z] [debug] [pid:652] [37mno match: -1.0s, best candidate: kde_bootloader (0.00)[0m
[2025-03-27T15:14:18.860612Z] [debug] [pid:645] [32m>>> testapi::_check_backend_response: match=kde_bootloader timed out after 10 (assert_screen)[0m
[2025-03-27T15:14:18.895819Z] [info] [pid:645] [33m::: basetest::runtest: # Test died: no candidate needle with tag(s) 'kde_bootloader' matched[0m
[2025-03-27T15:14:18.900280Z] [debug] [pid:645] [1;34m||| finished boot tests (runtime: 11 s)[0m
[2025-03-27T15:14:18.900385Z] [debug] [pid:645] [1;34m||| post fail hooks runtime: 0 s[0m
[2025-03-27T15:14:18.901300Z] [debug] [pid:645] [37mSending tests_done[0m
[2025-03-27T15:14:18.901731Z] [debug] [pid:629] [37mstopping autotest process 645[0m
[2025-03-27T15:14:18.901974Z] [debug] [pid:645] [37mautotest received signal TERM[0m
[2025-03-27T15:14:18.912388Z] [debug] [pid:629] [37m[autotest] process exited: 1[0m
[2025-03-27T15:14:19.012870Z] [debug] [pid:629] [37mdone with autotest process[0m
[2025-03-27T15:14:19.013426Z] [debug] [pid:629] [37misotovideo handle_shutdown[0m
[2025-03-27T15:14:19.013534Z] [debug] [pid:629] [37mstopping command server 638 because test execution ended[0m
[2025-03-27T15:14:19.013622Z] [debug] [pid:629] [37misotovideo: informing websocket clients before stopping command server: http://127.0.0.1:20013/lF7ZprR0UrKNdGhP/broadcast[0m
[2025-03-27T15:14:19.036339Z] [debug] [pid:629] [37mcommands process exited: 0[0m
[2025-03-27T15:14:19.136765Z] [debug] [pid:629] [37mdone with command server[0m
[2025-03-27T15:14:19.136896Z] [debug] [pid:629] [37misotovideo done[0m
[2025-03-27T15:14:19.137693Z] [debug] [pid:652] [37mEVENT {"data":{"offset":-1,"qom-path":"\/machine\/unattached\/device[5]\/rtc"},"event":"RTC_CHANGE","timestamp":{"microseconds":589064,"seconds":1743088448}}[0m
[2025-03-27T15:14:19.138246Z] [debug] [pid:652] [37mQEMU status is not 'shutdown', it is 'running'[0m
[2025-03-27T15:14:19.138508Z] [debug] [pid:629] [37mbackend shutdown state: 0[0m
[2025-03-27T15:14:19.139217Z] [info] [pid:652] [33m::: OpenQA::Qemu::Proc::save_state: Saving QEMU state to qemu_state.json[0m
[2025-03-27T15:14:20.215196Z] [debug] [pid:652] [37mPassing remaining frames to the video encoder[0m
[2025-03-27T15:14:20.260138Z] [debug] [pid:652] [37mWaiting for video encoder to finalize the video[0m
[2025-03-27T15:14:20.260347Z] [debug] [pid:652] [37mThe built-in video encoder (pid 660) terminated[0m
[2025-03-27T15:14:20.261289Z] [debug] [pid:652] [37mQEMU: qemu-system-x86_64: terminating on signal 15 from pid 652 (/usr/bin/isotovideo: backend)[0m
[2025-03-27T15:14:20.263049Z] [debug] [pid:652] [37msending magic and exit[0m
[2025-03-27T15:14:20.263517Z] [debug] [pid:629] [37mreceived magic close[0m
[2025-03-27T15:14:20.285007Z] [debug] [pid:629] [37mbackend process exited: 0[0m
[2025-03-27T15:14:20.386789Z] [debug] [pid:629] [37mstopping backend process 652[0m
[2025-03-27T15:14:20.386963Z] [debug] [pid:629] [37mdone with backend process[0m
629: EXIT 0
[2025-03-27T15:14:20.427275Z] [info] Isotovideo exit status: 0
[2025-03-27T15:14:20.503825Z] [info] +++ worker notes +++
[2025-03-27T15:14:20.504001Z] [info] End time: 2025-03-27 15:14:20
[2025-03-27T15:14:20.504094Z] [info] Result: done
[2025-03-27T15:14:20.513038Z] [info] Uploading video.ogv
[2025-03-27T15:14:20.570438Z] [info] Uploading autoinst-log.txt
